Log file open, 10/10/18 17:07:41
LogWindows: Failed to load 'aqProf.dll' (GetLastError=126)
LogWindows: File 'aqProf.dll' does not exist
LogWindows: Failed to load 'VSPerf140.dll' (GetLastError=126)
LogWindows: File 'VSPerf140.dll' does not exist
LogWindows: Failed to load 'VtuneApi.dll' (GetLastError=126)
LogWindows: File 'VtuneApi.dll' does not exist
LogWindows: Failed to load 'VtuneApi32e.dll' (GetLastError=126)
LogWindows: File 'VtuneApi32e.dll' does not exist
LogInit: Display: Running engine for game: Wanderful
LogPlatformFile: Not using cached read wrapper
LogTaskGraph: Started task graph with 5 named threads and 23 total threads with 3 sets of task threads.
LogStats: Stats thread started at 0.308713
LogD3D11RHI: Loaded GFSDK_Aftermath_Lib.x64.dll
LogICUInternationalization: Display: ICU TimeZone Detection - Raw Offset: +1:00, Platform Override: ''
LogPluginManager: Mounting plugin Paper2D
LogPluginManager: Mounting plugin AISupport
LogPluginManager: Mounting plugin LightPropagationVolume
LogPluginManager: Mounting plugin CLionSourceCodeAccess
LogPluginManager: Mounting plugin CodeLiteSourceCodeAccess
LogPluginManager: Mounting plugin GitSourceControl
LogPluginManager: Mounting plugin KDevelopSourceCodeAccess
LogPluginManager: Mounting plugin NullSourceCodeAccess
LogPluginManager: Mounting plugin PerforceSourceControl
LogPluginManager: Mounting plugin SubversionSourceControl
LogPluginManager: Mounting plugin UObjectPlugin
LogPluginManager: Mounting plugin VisualStudioCodeSourceCodeAccess
LogPluginManager: Mounting plugin VisualStudioSourceCodeAccess
LogPluginManager: Mounting plugin XCodeSourceCodeAccess
LogPluginManager: Mounting plugin AssetManagerEditor
LogPluginManager: Mounting plugin CryptoKeys
LogPluginManager: Mounting plugin DataValidation
LogPluginManager: Mounting plugin FacialAnimation
LogPluginManager: Mounting plugin GameplayTagsEditor
LogPluginManager: Mounting plugin MacGraphicsSwitching
LogPluginManager: Mounting plugin MeshEditor
LogPluginManager: Mounting plugin MobileLauncherProfileWizard
LogPluginManager: Mounting plugin PluginBrowser
LogPluginManager: Mounting plugin SpeedTreeImporter
LogPluginManager: Mounting plugin DatasmithContent
LogPluginManager: Mounting plugin AlembicImporter
LogPluginManager: Mounting plugin AppleImageUtils
LogPluginManager: Mounting plugin AppleVision
LogPluginManager: Mounting plugin BackChannel
LogPluginManager: Mounting plugin CharacterAI
LogPluginManager: Mounting plugin GeometryCache
LogPluginManager: Mounting plugin HTML5Networking
LogPluginManager: Mounting plugin ProxyLODPlugin
LogPluginManager: Mounting plugin MagicLeap
LogPluginManager: Mounting plugin MagicLeapEmulator
LogPluginManager: Mounting plugin MagicLeapMedia
LogPluginManager: Mounting plugin AndroidMedia
LogPluginManager: Mounting plugin AvfMedia
LogPluginManager: Mounting plugin ImgMedia
LogPluginManager: Mounting plugin LinearTimecode
LogPluginManager: Mounting plugin MediaCompositing
LogPluginManager: Mounting plugin MediaPlayerEditor
LogPluginManager: Mounting plugin WmfMedia
LogPluginManager: Mounting plugin TcpMessaging
LogPluginManager: Mounting plugin UdpMessaging
LogPluginManager: Mounting plugin ActorSequence
LogPluginManager: Mounting plugin LevelSequenceEditor
LogPluginManager: Mounting plugin MatineeToLevelSequence
LogPluginManager: Mounting plugin NetcodeUnitTest
LogPluginManager: Mounting plugin NUTUnrealEngine4
LogPluginManager: Mounting plugin OnlineSubsystemGooglePlay
LogPluginManager: Mounting plugin OnlineSubsystemIOS
LogPluginManager: Mounting plugin OnlineSubsystem
LogPluginManager: Mounting plugin OnlineSubsystemNull
LogPluginManager: Mounting plugin OnlineSubsystemUtils
LogPluginManager: Mounting plugin LauncherChunkInstaller
LogPluginManager: Mounting plugin AndroidDeviceProfileSelector
LogPluginManager: Mounting plugin AndroidMoviePlayer
LogPluginManager: Mounting plugin AndroidPermission
LogPluginManager: Mounting plugin AppleMoviePlayer
LogPluginManager: Mounting plugin ArchVisCharacter
LogPluginManager: Mounting plugin AudioCapture
LogPluginManager: Mounting plugin CableComponent
LogPluginManager: Mounting plugin CustomMeshComponent
LogPluginManager: Mounting plugin EditableMesh
LogPluginManager: Mounting plugin ExampleDeviceProfileSelector
LogPluginManager: Mounting plugin GoogleCloudMessaging
LogPluginManager: Mounting plugin ImmediatePhysics
LogPluginManager: Mounting plugin IOSDeviceProfileSelector
LogPluginManager: Mounting plugin LinuxDeviceProfileSelector
LogPluginManager: Mounting plugin LocationServicesBPLibrary
LogPluginManager: Mounting plugin MobilePatchingUtils
LogPluginManager: Mounting plugin OculusVR
LogPluginManager: Plugin shader directory ../../../Engine/Plugins/Runtime/Oculus/OculusVR/Shaders found
LogPluginManager: Mapping shader source directory ../../../Engine/Plugins/Runtime/Oculus/OculusVR/Shaders to virtual directory /Plugin/OculusVR
LogPluginManager: Mounting plugin PhysXVehicles
LogPluginManager: Mounting plugin ProceduralMeshComponent
LogPluginManager: Mounting plugin RuntimePhysXCooking
LogPluginManager: Mounting plugin SteamVR
LogPluginManager: Mounting plugin WindowsMoviePlayer
LogStreaming: Display: Took  0.112s to configure plugins.
LogInit: Using libcurl 7.55.1-DEV
LogInit:  - built for x86_64-pc-win32
LogInit:  - supports SSL with OpenSSL/1.0.2h
LogInit:  - supports HTTP deflate (compression) using libz 1.2.8
LogInit:  - other features:
LogInit:      CURL_VERSION_SSL
LogInit:      CURL_VERSION_LIBZ
LogInit:      CURL_VERSION_IPV6
LogInit:      CURL_VERSION_ASYNCHDNS
LogInit:      CURL_VERSION_LARGEFILE
LogInit:      CURL_VERSION_IDN
LogInit:  CurlRequestOptions (configurable via config and command line):
LogInit:  - bVerifyPeer = false  - Libcurl will NOT verify peer certificate
LogInit:  - bUseHttpProxy = false  - Libcurl will NOT use HTTP proxy
LogInit:  - bDontReuseConnections = false  - Libcurl will reuse connections
LogInit:  - CertBundlePath = nullptr  - Libcurl will use whatever was configured at build time.
LogInit:  - MaxHostConnections = 16  - Libcurl will limit the number of connections to a host
LogInit:  - LocalHostAddr = Default
LogInit:  - BufferSize = 65536
LogInit: WinSock: version 1.1 (2.2), MaxSocks=32767, MaxUdp=65467
LogInit: Build: ++UE4+Release-4.20-CL-4369336
LogInit: Engine Version: 4.20.3-4369336+++UE4+Release-4.20
LogInit: Compatible Engine Version: 4.20.0-4212847+++UE4+Release-4.20
LogInit: Net CL: 4212847
LogInit: OS: Windows 10 (), CPU: Intel(R) Core(TM) i7-4770K CPU @ 3.50GHz, GPU: NVIDIA GeForce GTX 1080 Ti
LogInit: Compiled (64-bit): Sep 17 2018 12:26:19
LogInit: Compiled with Visual C++: 19.13.26129.00
LogInit: Build Configuration: Development
LogInit: Branch Name: ++UE4+Release-4.20
LogInit: Command Line:  
LogInit: Base Directory: E:/UE_4.20/Engine/Binaries/Win64/
LogInit: Installed Engine Build: 1
LogDevObjectVersion: Number of dev versions registered: 20
LogDevObjectVersion:   Dev-Blueprints (B0D832E4-1F89-4F0D-ACCF-7EB736FD4AA2): 10
LogDevObjectVersion:   Dev-Build (E1C64328-A22C-4D53-A36C-8E866417BD8C): 0
LogDevObjectVersion:   Dev-Core (375EC13C-06E4-48FB-B500-84F0262A717E): 2
LogDevObjectVersion:   Dev-Editor (E4B068ED-F494-42E9-A231-DA0B2E46BB41): 24
LogDevObjectVersion:   Dev-Framework (CFFC743F-43B0-4480-9391-14DF171D2073): 34
LogDevObjectVersion:   Dev-Mobile (B02B49B5-BB20-44E9-A304-32B752E40360): 2
LogDevObjectVersion:   Dev-Networking (A4E4105C-59A1-49B5-A7C5-40C4547EDFEE): 0
LogDevObjectVersion:   Dev-Online (39C831C9-5AE6-47DC-9A44-9C173E1C8E7C): 0
LogDevObjectVersion:   Dev-Physics (78F01B33-EBEA-4F98-B9B4-84EACCB95AA2): 0
LogDevObjectVersion:   Dev-Platform (6631380F-2D4D-43E0-8009-CF276956A95A): 0
LogDevObjectVersion:   Dev-Rendering (12F88B9F-8875-4AFC-A67C-D90C383ABD29): 26
LogDevObjectVersion:   Dev-Sequencer (7B5AE74C-D270-4C10-A958-57980B212A5A): 9
LogDevObjectVersion:   Dev-VR (D7296918-1DD6-4BDD-9DE2-64A83CC13884): 2
LogDevObjectVersion:   Dev-LoadTimes (C2A15278-BFE7-4AFE-6C17-90FF531DF755): 1
LogDevObjectVersion:   Private-Geometry (6EACA3D4-40EC-4CC1-B786-8BED09428FC5): 3
LogDevObjectVersion:   Dev-AnimPhys (29E575DD-E0A3-4627-9D10-D276232CDCEA): 17
LogDevObjectVersion:   Dev-ReflectionCapture (6B266CEC-1EC7-4B8F-A30B-E4D90942FC07): 1
LogDevObjectVersion:   Dev-Automation (0DF73D61-A23F-47EA-B727-89E90C41499A): 1
LogDevObjectVersion:   FortniteMain (601D1886-AC64-4F84-AA16-D3DE0DEAC7D6): 12
LogDevObjectVersion:   Dev-Enterprise (9DFFBCD6-494F-0158-E221-12823C92A888): 1
LogStreaming: Display: Took  0.000s to delete old logs.
LogInit: Presizing for max 8388607 objects, including 0 objects not considered by GC, pre-allocating 0 bytes for permanent pool.
LogInit: Object subsystem initialized
[2018.10.10-15.07.42:059][  0]LogInit: Selected Device Profile: [Windows]
[2018.10.10-15.07.42:059][  0]LogInit: Applying CVar settings loaded from the selected device profile: [Windows]
[2018.10.10-15.07.42:071][  0]LogHAL: Display: Platform has ~ 16 GB [17133740032 / 17179869184 / 16], which maps to Larger [LargestMinGB=32, LargerMinGB=12, DefaultMinGB=8, SmallerMinGB=6, SmallestMinGB=0)
[2018.10.10-15.07.42:071][  0]LogInit: Setting Device Profile CVar: [[r.Vulkan.UseRealUBs:1]]
[2018.10.10-15.07.42:071][  0]LogInit: Going up to parent DeviceProfile []
[2018.10.10-15.07.42:071][  0]LogInit: Computer: DESKTOP-5DEERKA
[2018.10.10-15.07.42:071][  0]LogInit: User: Cyrano
[2018.10.10-15.07.42:071][  0]LogInit: CPU Page size=4096, Cores=4
[2018.10.10-15.07.42:071][  0]LogInit: High frequency timer resolution =3.410071 MHz
[2018.10.10-15.07.42:072][  0]LogMemory: Memory total: Physical=16.0GB (16GB approx)
[2018.10.10-15.07.42:072][  0]LogMemory: Platform Memory Stats for Windows
[2018.10.10-15.07.42:072][  0]LogMemory: Process Physical Memory: 100.38 MB used, 100.38 MB peak
[2018.10.10-15.07.42:072][  0]LogMemory: Process Virtual Memory: 89.39 MB used, 89.39 MB peak
[2018.10.10-15.07.42:072][  0]LogMemory: Physical Memory: 7906.57 MB used,  8433.44 MB free, 16340.01 MB total
[2018.10.10-15.07.42:072][  0]LogMemory: Virtual Memory: 4638.52 MB used,  8433.44 MB free, 134217728.00 MB total
[2018.10.10-15.07.42:099][  0]LogInit: Using OS detected language (de-DE).
[2018.10.10-15.07.42:099][  0]LogInit: Using OS detected locale (de-DE).
[2018.10.10-15.07.42:100][  0]LogTextLocalizationManager: No specific localization for 'de-DE' exists, so the 'de' localization will be used.
[2018.10.10-15.07.42:105][  0]LogStreaming: Display: Took  0.007s to InitEngineTextLocalization.
[2018.10.10-15.07.42:105][  0]LogInit: Setting process to per monitor DPI aware
[2018.10.10-15.07.42:151][  0]LogSlate: New Slate User Created.  User Index 0, Is Virtual User: 0
[2018.10.10-15.07.42:151][  0]LogSlate: Slate User Registered.  User Index 0, Is Virtual User: 0
[2018.10.10-15.07.42:538][  0]LogHMD: Failed to initialize OpenVR with code 110
[2018.10.10-15.07.42:538][  0]LogD3D11RHI: D3D11 adapters:
[2018.10.10-15.07.42:618][  0]LogD3D11RHI:    0. 'NVIDIA GeForce GTX 1080 Ti' (Feature Level 11_0)
[2018.10.10-15.07.42:618][  0]LogD3D11RHI:       11127/0/8170 MB DedicatedVideo/DedicatedSystem/SharedSystem, Outputs:1, VendorId:0x10de
[2018.10.10-15.07.42:621][  0]LogD3D11RHI:    1. 'Microsoft Basic Render Driver' (Feature Level 11_0)
[2018.10.10-15.07.42:621][  0]LogD3D11RHI:       0/0/8170 MB DedicatedVideo/DedicatedSystem/SharedSystem, Outputs:0, VendorId:0x1414
[2018.10.10-15.07.42:621][  0]LogD3D11RHI: Chosen D3D11 Adapter: 0
[2018.10.10-15.07.42:633][  0]LogD3D11RHI: Creating new Direct3DDevice
[2018.10.10-15.07.42:633][  0]LogD3D11RHI:     GPU DeviceId: 0x1b06 (for the marketing name, search the web for "GPU Device Id")
[2018.10.10-15.07.42:633][  0]LogWindows: EnumDisplayDevices:
[2018.10.10-15.07.42:633][  0]LogWindows:    0. 'NVIDIA GeForce GTX 1080 Ti' (P:1 D:1)
[2018.10.10-15.07.42:634][  0]LogWindows:    1. 'NVIDIA GeForce GTX 1080 Ti' (P:0 D:0)
[2018.10.10-15.07.42:634][  0]LogWindows:    2. 'NVIDIA GeForce GTX 1080 Ti' (P:0 D:0)
[2018.10.10-15.07.42:634][  0]LogWindows:    3. 'NVIDIA GeForce GTX 1080 Ti' (P:0 D:0)
[2018.10.10-15.07.42:634][  0]LogWindows: DebugString: FoundDriverCount:4 
[2018.10.10-15.07.42:634][  0]LogD3D11RHI:     Adapter Name: NVIDIA GeForce GTX 1080 Ti
[2018.10.10-15.07.42:634][  0]LogD3D11RHI:   Driver Version: 399.07 (internal:24.21.13.9907, unified:399.07)
[2018.10.10-15.07.42:635][  0]LogD3D11RHI:      Driver Date: 8-21-2018
[2018.10.10-15.07.42:635][  0]LogRHI: Texture pool is 7788 MB (70% of 11127 MB)
[2018.10.10-15.07.42:684][  0]LogD3D11RHI: Async texture creation enabled
[2018.10.10-15.07.42:702][  0]LogD3D11RHI: GPU Timing Frequency: 1000.000000 (Debug: 2 2)
[2018.10.10-15.07.42:745][  0]LogShaderCompilers: Guid format shader working directory is 5 characters bigger than the processId version (C:/Users/Cyrano/Documents/GitHub/Wanderful/Intermediate/Shaders/WorkingDirectory/6432/).
[2018.10.10-15.07.42:745][  0]LogShaderCompilers: Cleaned the shader compiler working directory 'C:/Users/Cyrano/AppData/Local/Temp/UnrealShaderWorkingDir/F1505A574B4307A0D0F4C59F3F581987/'.
[2018.10.10-15.07.43:086][  0]LogTemp: Display: Loaded TP AllDesktopTargetPlatform
[2018.10.10-15.07.43:099][  0]LogTemp: Display: Loaded TP MacClientTargetPlatform
[2018.10.10-15.07.43:114][  0]LogTemp: Display: Loaded TP MacNoEditorTargetPlatform
[2018.10.10-15.07.43:129][  0]LogTemp: Display: Loaded TP MacServerTargetPlatform
[2018.10.10-15.07.43:148][  0]LogTemp: Display: Loaded TP MacTargetPlatform
[2018.10.10-15.07.43:162][  0]LogTemp: Display: Loaded TP WindowsClientTargetPlatform
[2018.10.10-15.07.43:176][  0]LogTemp: Display: Loaded TP WindowsNoEditorTargetPlatform
[2018.10.10-15.07.43:190][  0]LogTemp: Display: Loaded TP WindowsServerTargetPlatform
[2018.10.10-15.07.43:197][  0]LogTemp: Display: Loaded TP WindowsTargetPlatform
[2018.10.10-15.07.43:290][  0]LogTemp: Display: Loaded TP AndroidTargetPlatform
[2018.10.10-15.07.43:290][  0]LogTemp: Display: Loaded TP AndroidTargetPlatform
[2018.10.10-15.07.43:290][  0]LogTemp: Display: Loaded TP AndroidTargetPlatform
[2018.10.10-15.07.43:290][  0]LogTemp: Display: Loaded TP AndroidTargetPlatform
[2018.10.10-15.07.43:290][  0]LogTemp: Display: Loaded TP AndroidTargetPlatform
[2018.10.10-15.07.43:290][  0]LogTemp: Display: Loaded TP AndroidTargetPlatform
[2018.10.10-15.07.43:290][  0]LogTemp: Display: Loaded TP AndroidTargetPlatform
[2018.10.10-15.07.43:290][  0]LogTemp: Display: Loaded TP AndroidTargetPlatform
[2018.10.10-15.07.43:290][  0]LogTemp: Display: Loaded TP AndroidTargetPlatform
[2018.10.10-15.07.43:290][  0]LogTemp: Display: Loaded TP AndroidTargetPlatform
[2018.10.10-15.07.43:290][  0]LogTemp: Display: Loaded TP AndroidTargetPlatform
[2018.10.10-15.07.43:290][  0]LogTemp: Display: Loaded TP AndroidTargetPlatform
[2018.10.10-15.07.43:290][  0]LogTemp: Display: Loaded TP AndroidTargetPlatform
[2018.10.10-15.07.43:290][  0]LogTemp: Display: Loaded TP AndroidTargetPlatform
[2018.10.10-15.07.43:290][  0]LogTemp: Display: Loaded TP AndroidTargetPlatform
[2018.10.10-15.07.43:290][  0]LogTemp: Display: Loaded TP AndroidTargetPlatform
[2018.10.10-15.07.43:290][  0]LogTemp: Display: Loaded TP AndroidTargetPlatform
[2018.10.10-15.07.43:290][  0]LogTemp: Display: Loaded TP AndroidTargetPlatform
[2018.10.10-15.07.43:291][  0]LogTemp: Display: Loaded TP HTML5TargetPlatform
[2018.10.10-15.07.43:354][  0]LogTemp: Display: Loaded TP IOSTargetPlatform
[2018.10.10-15.07.43:354][  0]LogTemp: Display: Loaded TP IOSTargetPlatform
[2018.10.10-15.07.43:380][  0]LogTemp: Display: Loaded TP TVOSTargetPlatform
[2018.10.10-15.07.43:380][  0]LogTemp: Display: Loaded TP TVOSTargetPlatform
[2018.10.10-15.07.43:394][  0]LogTemp: Display: Loaded TP LinuxClientTargetPlatform
[2018.10.10-15.07.43:408][  0]LogTemp: Display: Loaded TP LinuxNoEditorTargetPlatform
[2018.10.10-15.07.43:422][  0]LogTemp: Display: Loaded TP LinuxServerTargetPlatform
[2018.10.10-15.07.43:438][  0]LogTemp: Display: Loaded TP LinuxTargetPlatform
[2018.10.10-15.07.43:447][  0]LogTemp: Display: Loaded TP LuminTargetPlatform
[2018.10.10-15.07.43:447][  0]LogTargetPlatformManager: Display: Building Assets For Windows
[2018.10.10-15.07.43:513][  0]LogXGEController: Cleaning working directory: C:/Users/Cyrano/AppData/Local/Temp/UnrealXGEWorkingDir/
[2018.10.10-15.07.43:513][  0]LogXGEController: Cannot use XGE Controller as Incredibuild is not installed on this machine.
[2018.10.10-15.07.43:513][  0]LogShaderCompilers: Cannot use XGE Shader Compiler as Incredibuild is not installed on this machine.
[2018.10.10-15.07.43:513][  0]LogShaderCompilers: Display: Using Local Shader Compiler.
[2018.10.10-15.07.44:302][  0]LogDerivedDataCache: Display: Max Cache Size: 512 MB
[2018.10.10-15.07.44:396][  0]LogDerivedDataCache: Loaded boot cache 0.09s 73MB C:/Users/Cyrano/AppData/Local/UnrealEngine/4.20/DerivedDataCache/Boot.ddc.
[2018.10.10-15.07.44:398][  0]LogDerivedDataCache: Display: Loaded Boot cache: C:/Users/Cyrano/AppData/Local/UnrealEngine/4.20/DerivedDataCache/Boot.ddc
[2018.10.10-15.07.44:398][  0]LogDerivedDataCache: FDerivedDataBackendGraph:  Pak pak cache file C:/Users/Cyrano/Documents/GitHub/Wanderful/DerivedDataCache/DDC.ddp not found, will not use a pak cache.
[2018.10.10-15.07.44:398][  0]LogDerivedDataCache: Unable to find inner node Pak for hierarchical cache Hierarchy.
[2018.10.10-15.07.44:398][  0]LogDerivedDataCache: FDerivedDataBackendGraph:  CompressedPak pak cache file C:/Users/Cyrano/Documents/GitHub/Wanderful/DerivedDataCache/Compressed.ddp not found, will not use a pak cache.
[2018.10.10-15.07.44:398][  0]LogDerivedDataCache: Unable to find inner node CompressedPak for hierarchical cache Hierarchy.
[2018.10.10-15.07.44:411][  0]LogDerivedDataCache: Display: Pak cache opened for reading ../../../Engine/DerivedDataCache/Compressed.ddp.
[2018.10.10-15.07.44:423][  0]LogDerivedDataCache: Using Local data cache path C:/Users/Cyrano/AppData/Local/UnrealEngine/Common/DerivedDataCache: Writable
[2018.10.10-15.07.44:423][  0]LogDerivedDataCache: Shared data cache path not found in *engine.ini, will not use an Shared cache.
[2018.10.10-15.07.44:423][  0]LogDerivedDataCache: Unable to find inner node Shared for hierarchical cache Hierarchy.
[2018.10.10-15.07.44:444][  0]LogMaterial: Verifying Global Shaders for PCD3D_SM5
[2018.10.10-15.07.44:445][  0]LogSlate: Using FreeType 2.6.0
[2018.10.10-15.07.44:447][  0]LogSlate: SlateFontServices - WITH_FREETYPE: 1, WITH_HARFBUZZ: 1
[2018.10.10-15.07.44:543][  0]LogAssetRegistry: FAssetRegistry took 0.0261 seconds to start up
[2018.10.10-15.07.44:913][  0]LogInit: Selected Device Profile: [Windows]
[2018.10.10-15.07.45:064][  0]LogSimplygon: Simplygon DLL not present - disabling.
[2018.10.10-15.07.45:068][  0]LogMeshReduction: Using SimplygonSwarm for distributed automatic mesh merging
[2018.10.10-15.07.45:068][  0]LogMeshReduction: Using ProxyLODMeshReduction for automatic mesh merging
[2018.10.10-15.07.45:068][  0]LogMeshReduction: Using QuadricMeshReduction for automatic static mesh reduction
[2018.10.10-15.07.45:068][  0]LogMeshReduction: No automatic skeletal mesh reduction module available
[2018.10.10-15.07.45:089][  0]LogNetVersion: Wanderful 1.0.0, NetCL: 4212847, EngineNetVer: 5, GameNetVer: 0 (Checksum: 1666707874)
[2018.10.10-15.07.45:668][  0]LogPackageLocalizationCache: Processed 11 localized package path(s) for 2 prioritized culture(s) in 0.107512 seconds
[2018.10.10-15.07.45:677][  0]LogUObjectArray: 38425 objects as part of root set at end of initial load.
[2018.10.10-15.07.45:677][  0]LogUObjectAllocator: 6690864 out of 0 bytes used by permanent object pool.
[2018.10.10-15.07.45:677][  0]LogUObjectArray: CloseDisregardForGC: 0/0 objects in disregard for GC pool
[2018.10.10-15.07.46:820][  0]LogTcpMessaging: Initializing TcpMessaging bridge
[2018.10.10-15.07.46:842][  0]LogUdpMessaging: Initializing bridge on interface 0.0.0.0:0 to multicast group 230.0.0.1:6666.
[2018.10.10-15.07.47:227][  0]SourceControl: Source control is disabled
[2018.10.10-15.07.47:227][  0]SourceControl: Source control is disabled
[2018.10.10-15.07.47:229][  0]SourceControl: Source control is disabled
[2018.10.10-15.07.47:231][  0]SourceControl: Source control is disabled
[2018.10.10-15.07.47:444][  0]LogAndroidPermission: UAndroidPermissionCallbackProxy::GetInstance
[2018.10.10-15.07.47:664][  0]LogOcInput: OculusInput pre-init called
[2018.10.10-15.07.47:729][  0]LogEngine: Initializing Engine...
[2018.10.10-15.07.47:730][  0]LogHMD: Failed to initialize OpenVR with code 110
[2018.10.10-15.07.47:731][  0]LogStats: UGameplayTagsManager::ConstructGameplayTagTree: ImportINI prefixes -  0.000 s
[2018.10.10-15.07.47:731][  0]LogStats: UGameplayTagsManager::ConstructGameplayTagTree: Construct from data asset -  0.000 s
[2018.10.10-15.07.47:731][  0]LogStats: UGameplayTagsManager::ConstructGameplayTagTree: ImportINI -  0.000 s
[2018.10.10-15.07.47:731][  0]LogStats: UGameplayTagsManager::ConstructGameplayTagTree: GameplayTagTreeChangedEvent.Broadcast -  0.000 s
[2018.10.10-15.07.47:982][  0]LogInit: Initializing FReadOnlyCVARCache
[2018.10.10-15.07.47:994][  0]LogAIModule: Creating AISystem for world Untitled
[2018.10.10-15.07.48:149][  0]LogInit: XAudio2 using 'Focusrite USB (Focusrite USB Audio)' : 2 channels at 48 kHz using 16 bits per sample (channel mask 0x3)
[2018.10.10-15.07.48:162][  0]LogInit: FAudioDevice initialized.
[2018.10.10-15.07.48:162][  0]LogNetVersion: Set ProjectVersion to 1.0.0.0. Version Checksum will be recalculated on next use.
[2018.10.10-15.07.48:463][  0]LogDerivedDataCache: Saved boot cache 0.30s 73MB C:/Users/Cyrano/AppData/Local/UnrealEngine/4.20/DerivedDataCache/Boot.ddc.
[2018.10.10-15.07.48:470][  0]LogInit: Texture streaming: Enabled
[2018.10.10-15.07.48:495][  0]LogEngineSessionManager: EngineSessionManager initialized
[2018.10.10-15.07.48:511][  0]LogInit: Transaction tracking system initialized
[2018.10.10-15.07.48:536][  0]BlueprintLog: New page: Editor Load
[2018.10.10-15.07.48:690][  0]LocalizationService: Localization service is disabled
[2018.10.10-15.07.48:981][  0]LogCook: Display: Max memory allowance for cook 16384mb min free memory 0mb
[2018.10.10-15.07.48:981][  0]LogCook: Display: Mobile HDR setting 1
[2018.10.10-15.07.48:981][  0]LogGameplayTags: Display: UGameplayTagsManager::DoneAddingNativeTags. DelegateIsBound: 0
[2018.10.10-15.07.48:981][  0]LogStats: UGameplayTagsManager::ConstructGameplayTagTree: ImportINI prefixes -  0.000 s
[2018.10.10-15.07.48:982][  0]LogStats: UGameplayTagsManager::ConstructGameplayTagTree: Construct from data asset -  0.000 s
[2018.10.10-15.07.48:982][  0]LogStats: UGameplayTagsManager::ConstructGameplayTagTree: ImportINI -  0.000 s
[2018.10.10-15.07.48:982][  0]LogStats: UGameplayTagsManager::ConstructGameplayTagTree: GameplayTagTreeChangedEvent.Broadcast -  0.000 s
[2018.10.10-15.07.49:128][  0]LogFileCache: Scanning file cache for directory 'C:/Users/Cyrano/Documents/GitHub/Wanderful/Content/' took 0.01s
[2018.10.10-15.07.49:128][  0]SourceControl: Source control is disabled
[2018.10.10-15.07.49:128][  0]Cmd: MAP LOAD FILE="C:/Users/Cyrano/Documents/GitHub/Wanderful/Content/FirstPersonCPP/Maps/FirstPersonExampleMap.umap" TEMPLATE=0 SHOWPROGRESS=1 FEATURELEVEL=3
[2018.10.10-15.07.49:129][  0]LightingResults: New page: Lighting Build
[2018.10.10-15.07.49:131][  0]MapCheck: New page: Map Check
[2018.10.10-15.07.49:131][  0]LightingResults: New page: Lighting Build
[2018.10.10-15.07.49:342][  0]LogAIModule: Creating AISystem for world FirstPersonExampleMap
[2018.10.10-15.07.49:368][  0]LogEditorServer: Finished looking for orphan Actors (0.000 secs)
[2018.10.10-15.07.49:392][  0]Cmd: MAP CHECKDEP NOCLEARLOG
[2018.10.10-15.07.49:492][  0]MapCheck: Map check complete: 0 Error(s), 0 Warning(s), took 99,815ms to complete.
[2018.10.10-15.07.49:492][  0]LogFileHelpers: Loading map 'FirstPersonExampleMap' took 0.364
[2018.10.10-15.07.49:628][  0]LogSlate: Updating window title bar state: overlay mode, drag disabled, window buttons hidden, title bar hidden
[2018.10.10-15.07.49:635][  0]LogSlate: Updating window title bar state: overlay mode, drag disabled, window buttons hidden, title bar hidden
[2018.10.10-15.07.49:642][  0]LogSlate: Updating window title bar state: overlay mode, drag disabled, window buttons hidden, title bar hidden
[2018.10.10-15.07.49:649][  0]LogSlate: Updating window title bar state: overlay mode, drag disabled, window buttons hidden, title bar hidden
[2018.10.10-15.07.49:655][  0]LogCollectionManager: Loaded 0 collections in 0.001085 seconds
[2018.10.10-15.07.49:706][  0]LogFileCache: Scanning file cache for directory 'C:/Users/Cyrano/Documents/GitHub/Wanderful/Saved/Collections/' took 0.01s
[2018.10.10-15.07.49:706][  0]LogFileCache: Scanning file cache for directory 'C:/Users/Cyrano/Documents/GitHub/Wanderful/Content/Developers/Cyrano/Collections/' took 0.01s
[2018.10.10-15.07.49:706][  0]LogFileCache: Scanning file cache for directory 'C:/Users/Cyrano/Documents/GitHub/Wanderful/Content/Collections/' took 0.01s
[2018.10.10-15.07.49:706][  0]LogCollectionManager: Rebuilt the GUID cache for 0 collections in 0.000000 seconds
[2018.10.10-15.07.49:723][  0]LogContentBrowser: Native class hierarchy populated in 0.0170 seconds. Added 2576 classes and 605 folders.
[2018.10.10-15.07.49:731][  0]LogContentBrowser: Native class hierarchy updated for 'WidgetCarousel' in 0.0006 seconds. Added 0 classes and 0 folders.
[2018.10.10-15.07.49:822][  0]LogContentBrowser: Native class hierarchy updated for 'AddContentDialog' in 0.0004 seconds. Added 0 classes and 0 folders.
[2018.10.10-15.07.49:827][  0]LogContentBrowser: Native class hierarchy updated for 'SceneOutliner' in 0.0005 seconds. Added 1 classes and 2 folders.
[2018.10.10-15.07.49:911][  0]LogSlate: Took 0.000345 seconds to synchronously load lazily loaded font '../../../Engine/Content/Slate/Fonts/Roboto-Regular.ttf' (155K)
[2018.10.10-15.07.49:913][  0]LogSlate: Took 0.000410 seconds to synchronously load lazily loaded font '../../../Engine/Content/Slate/Fonts/Roboto-Bold.ttf' (160K)
[2018.10.10-15.07.49:921][  0]LogSlate: Took 0.000436 seconds to synchronously load lazily loaded font '../../../Engine/Content/Editor/Slate/Fonts/FontAwesome.ttf' (139K)
[2018.10.10-15.07.50:012][  0]LogRenderer: Reallocating scene render targets to support 1176x576 Format 10 NumSamples 1 (Frame:1).
[2018.10.10-15.07.50:229][  0]LogContentBrowser: Native class hierarchy updated for 'HierarchicalLODOutliner' in 0.0005 seconds. Added 0 classes and 0 folders.
[2018.10.10-15.07.50:229][  0]LogLoad: (Engine Initialization) Total time: 10.66 seconds
[2018.10.10-15.07.50:229][  0]LogLoad: (Engine Initialization) Total Blueprint compile time: 0.00 seconds
[2018.10.10-15.07.50:239][  0]LogWindowsTextInputMethodSystem: Display: IME system now deactivated.
[2018.10.10-15.07.50:265][  0]LogContentStreaming: Texture pool size now 1000 MB
[2018.10.10-15.07.50:286][  0]LogSlate: Took 0.000357 seconds to synchronously load lazily loaded font '../../../Engine/Content/Slate/Fonts/Roboto-Light.ttf' (167K)
[2018.10.10-15.07.50:305][  1]LogAssetRegistry: Asset discovery search completed in 5.7840 seconds
[2018.10.10-15.07.50:306][  1]LogCollectionManager: Rebuilt the object cache for 0 collections in 0.000000 seconds (found 0 objects)
[2018.10.10-15.07.50:306][  1]LogCollectionManager: Fixed up redirectors for 0 collections in 0.000044 seconds (updated 0 objects)
[2018.10.10-15.07.52:578][259]LogSlate: FSceneViewport::OnFocusLost() reason 0
[2018.10.10-15.07.56:337][699]LogWindows: Warning: CreateProc failed: Das System kann die angegebene Datei nicht finden. (0x00000002)
[2018.10.10-15.07.56:337][699]LogWindows: Warning: URL: C:/Program Files/Git/bin/git.exe version
[2018.10.10-15.07.56:337][699]LogWindows: Warning: CreateProc failed: Das System kann die angegebene Datei nicht finden. (0x00000002)
[2018.10.10-15.07.56:337][699]LogWindows: Warning: URL: C:/Program Files (x86)/Git/bin/git.exe version
[2018.10.10-15.07.56:337][699]LogWindows: Warning: CreateProc failed: Das System kann die angegebene Datei nicht finden. (0x00000002)
[2018.10.10-15.07.56:337][699]LogWindows: Warning: URL: C:\Users\Cyrano\AppData\Local/Programs/Git/cmd/git.exe version
[2018.10.10-15.07.56:338][699]LogWindows: Warning: CreateProc failed: Das System kann die angegebene Datei nicht finden. (0x00000002)
[2018.10.10-15.07.56:338][699]LogWindows: Warning: URL: C:/Program Files (x86)/SmartGit/git/bin/git.exe version
[2018.10.10-15.07.56:338][699]LogWindows: Warning: CreateProc failed: Das System kann die angegebene Datei nicht finden. (0x00000002)
[2018.10.10-15.07.56:338][699]LogWindows: Warning: URL: C:/Program Files (x86)/SmartGit/bin/git.exe version
[2018.10.10-15.07.56:338][699]LogWindows: Warning: CreateProc failed: Das System kann die angegebene Datei nicht finden. (0x00000002)
[2018.10.10-15.07.56:338][699]LogWindows: Warning: URL: C:\Users\Cyrano\AppData\Local/Atlassian/SourceTree/git_local/bin/git.exe version
[2018.10.10-15.07.56:339][699]LogWindows: Warning: CreateProc failed: Das System kann die angegebene Datei nicht finden. (0x00000002)
[2018.10.10-15.07.56:339][699]LogWindows: Warning: URL: C:/Program Files (x86)/fournova/Tower/vendor/Git/bin/git.exe version
[2018.10.10-15.07.58:410][944]LogWindows: Warning: CreateProc failed: Zugriff verweigert (0x00000005)
[2018.10.10-15.07.58:410][944]LogWindows: Warning: URL: C:/Users/Cyrano/AppData/Local/GitHubDesktop/app-1.4.2/resources/app/git/mingw64/bin version
[2018.10.10-15.08.04:034][180]LogSlate: Window 'Source Control Login' being destroyed
[2018.10.10-15.08.11:964][413]LogEditorViewport: Clicking on Actor (LMB): StaticMeshActor (Wall1)
[2018.10.10-15.08.16:868][949]LogSlate: FSceneViewport::OnFocusLost() reason 2
[2018.10.10-15.08.47:273][533]Cmd: TRANSACTION UNDO
[2018.10.10-15.08.47:273][533]LogEditorTransaction: Undo Move Actors
[2018.10.10-15.08.47:379][533]LogSlate: Took 0.000647 seconds to synchronously load lazily loaded font '../../../Engine/Content/Slate/Fonts/Roboto-Light.ttf' (167K)
[2018.10.10-15.08.47:751][557]Cmd: TRANSACTION UNDO
[2018.10.10-15.08.47:751][557]LogEditorTransaction: Undo Move Actors
[2018.10.10-15.08.49:409][731]LogEditorViewport: Clicking on Actor (LMB): BP_Sky_Sphere_C (SkySphereBlueprint)
[2018.10.10-15.09.07:090][812]LogSlate: FSceneViewport::OnFocusLost() reason 0
[2018.10.10-15.09.07:214][827]LogTemp: Repeating last play command: Selected Viewport
[2018.10.10-15.09.07:250][827]LogBlueprintUserMessages: Early PlayInEditor Detection: Level '/Game/FirstPersonCPP/Maps/FirstPersonExampleMap.FirstPersonExampleMap:PersistentLevel' has LevelScriptBlueprint '/Game/FirstPersonCPP/Maps/FirstPersonExampleMap.FirstPersonExampleMap:PersistentLevel.FirstPersonExampleMap' with GeneratedClass '/Game/FirstPersonCPP/Maps/FirstPersonExampleMap.FirstPersonExampleMap_C' with ClassGeneratedBy '/Game/FirstPersonCPP/Maps/FirstPersonExampleMap.FirstPersonExampleMap:PersistentLevel.FirstPersonExampleMap'
[2018.10.10-15.09.07:266][827]LogPlayLevel: PlayLevel: No blueprints needed recompiling
[2018.10.10-15.09.07:395][827]PIE: New page: PIE session: FirstPersonExampleMap (10.10.2018 19:09:07)
[2018.10.10-15.09.07:405][827]LogPlayLevel: Creating play world package: /Game/FirstPersonCPP/Maps/UEDPIE_0_FirstPersonExampleMap
[2018.10.10-15.09.07:552][827]LogPlayLevel: PIE: StaticDuplicateObject took: (0.147064s)
[2018.10.10-15.09.07:555][827]LogAIModule: Creating AISystem for world FirstPersonExampleMap
[2018.10.10-15.09.07:566][827]LogPlayLevel: PIE: World Init took: (0.013202s)
[2018.10.10-15.09.07:566][827]LogPlayLevel: PIE: Created PIE world by copying editor world from /Game/FirstPersonCPP/Maps/FirstPersonExampleMap.FirstPersonExampleMap to /Game/FirstPersonCPP/Maps/UEDPIE_0_FirstPersonExampleMap.FirstPersonExampleMap (0.161293s)
[2018.10.10-15.09.07:670][827]LogInit: XAudio2 using 'Focusrite USB (Focusrite USB Audio)' : 2 channels at 48 kHz using 16 bits per sample (channel mask 0x3)
[2018.10.10-15.09.07:678][827]LogInit: FAudioDevice initialized.
[2018.10.10-15.09.07:759][827]LogLoad: Game class is 'WanderfulGameMode'
[2018.10.10-15.09.07:860][827]LogWorld: Bringing World /Game/FirstPersonCPP/Maps/UEDPIE_0_FirstPersonExampleMap.FirstPersonExampleMap up for play (max tick rate 0) at 2018.10.10-17.09.07
[2018.10.10-15.09.07:932][827]LogWorld: Bringing up level for play took: 0.099875
[2018.10.10-15.09.08:119][827]LogContentBrowser: Native class hierarchy updated for 'MovieSceneCapture' in 0.0011 seconds. Added 10 classes and 0 folders.
[2018.10.10-15.09.08:181][827]PIE: Play in editor start time for /Game/FirstPersonCPP/Maps/UEDPIE_0_FirstPersonExampleMap 0,604
[2018.10.10-15.09.08:182][827]LogBlueprintUserMessages: Late PlayInEditor Detection: Level '/Game/FirstPersonCPP/Maps/FirstPersonExampleMap.FirstPersonExampleMap:PersistentLevel' has LevelScriptBlueprint '/Game/FirstPersonCPP/Maps/FirstPersonExampleMap.FirstPersonExampleMap:PersistentLevel.FirstPersonExampleMap' with GeneratedClass '/Game/FirstPersonCPP/Maps/FirstPersonExampleMap.FirstPersonExampleMap_C' with ClassGeneratedBy '/Game/FirstPersonCPP/Maps/FirstPersonExampleMap.FirstPersonExampleMap:PersistentLevel.FirstPersonExampleMap'
[2018.10.10-15.09.15:069][592]LogBlueprintUserMessages: Early EndPlayMap Detection: Level '/Game/FirstPersonCPP/Maps/FirstPersonExampleMap.FirstPersonExampleMap:PersistentLevel' has LevelScriptBlueprint '/Game/FirstPersonCPP/Maps/FirstPersonExampleMap.FirstPersonExampleMap:PersistentLevel.FirstPersonExampleMap' with GeneratedClass '/Game/FirstPersonCPP/Maps/FirstPersonExampleMap.FirstPersonExampleMap_C' with ClassGeneratedBy '/Game/FirstPersonCPP/Maps/FirstPersonExampleMap.FirstPersonExampleMap:PersistentLevel.FirstPersonExampleMap'
[2018.10.10-15.09.15:095][592]LogSlate: Updating window title bar state: overlay mode, drag disabled, window buttons hidden, title bar hidden
[2018.10.10-15.09.15:158][592]LogPlayLevel: Display: Shutting down PIE online subsystems
[2018.10.10-15.09.15:159][592]LogBlueprintUserMessages: Late EndPlayMap Detection: Level '/Game/FirstPersonCPP/Maps/FirstPersonExampleMap.FirstPersonExampleMap:PersistentLevel' has LevelScriptBlueprint '/Game/FirstPersonCPP/Maps/FirstPersonExampleMap.FirstPersonExampleMap:PersistentLevel.FirstPersonExampleMap' with GeneratedClass '/Game/FirstPersonCPP/Maps/FirstPersonExampleMap.FirstPersonExampleMap_C' with ClassGeneratedBy '/Game/FirstPersonCPP/Maps/FirstPersonExampleMap.FirstPersonExampleMap:PersistentLevel.FirstPersonExampleMap'
[2018.10.10-15.09.15:214][592]LogSlate: Updating window title bar state: overlay mode, drag disabled, window buttons hidden, title bar hidden
[2018.10.10-15.09.15:254][593]LogPlayLevel: Display: Destroying online subsystem :Context_1
[2018.10.10-15.09.22:133][401]LogSlate: FSceneViewport::OnFocusLost() reason 0
[2018.10.10-15.09.57:277][144]LogSlate: FSceneViewport::OnFocusLost() reason 0
[2018.10.10-15.10.10:687][739]LogSlate: FSceneViewport::OnFocusLost() reason 2
[2018.10.10-15.10.11:237][739]LogSavePackage: Moving 'C:/Users/Cyrano/Documents/GitHub/Wanderful/Saved/FirstPersonExampleMapB106F143447AAA12C1933E8236C6CFE1.tmp' to 'C:/Users/Cyrano/Documents/GitHub/Wanderful/Content/FirstPersonCPP/Maps/FirstPersonExampleMap.umap'
[2018.10.10-15.10.12:612][739]LogSavePackage: Moving 'C:/Users/Cyrano/Documents/GitHub/Wanderful/Saved/FirstPersonExampleMap_BuiltData98C4D4744B4C39FA90DCAE97DCDA348E.tmp' to 'C:/Users/Cyrano/Documents/GitHub/Wanderful/Content/FirstPersonCPP/Maps/FirstPersonExampleMap_BuiltData.uasset'
[2018.10.10-15.10.55:903][130]SourceControl: fatal: E:/UE_4.20/Engine/Content: 'E:/UE_4.20/Engine/Content' is outside repository
[2018.10.10-15.11.06:867][130]LogSlate: Window 'Submit Files' being destroyed
[2018.10.10-15.11.43:920][811]LogSlate: FSceneViewport::OnFocusLost() reason 2
[2018.10.10-15.11.44:027][811]LogSlate: FSceneViewport::OnFocusLost() reason 2
[2018.10.10-15.11.44:177][811]LogSavePackage: Moving 'C:/Users/Cyrano/Documents/GitHub/Wanderful/Saved/FirstPersonExampleMap810555CB4A3802F13DE84D8F18381501.tmp' to 'C:/Users/Cyrano/Documents/GitHub/Wanderful/Content/FirstPersonCPP/Maps/FirstPersonExampleMap.umap'
[2018.10.10-15.11.45:197][811]LogSavePackage: Moving 'C:/Users/Cyrano/Documents/GitHub/Wanderful/Saved/FirstPersonExampleMap_BuiltDataFDC820BD463356716F98999EB5BE124F.tmp' to 'C:/Users/Cyrano/Documents/GitHub/Wanderful/Content/FirstPersonCPP/Maps/FirstPersonExampleMap_BuiltData.uasset'
[2018.10.10-15.12.00:002][940]LogSlate: Window 'Source Control Login' being destroyed
[2018.10.10-15.12.03:779][374]SourceControl: fatal: E:/UE_4.20/Engine/Content: 'E:/UE_4.20/Engine/Content' is outside repository
[2018.10.10-15.12.06:002][374]LogSlate: Window 'Submit Files' being destroyed
[2018.10.10-15.14.38:591][140]LogSlate: FSceneViewport::OnFocusLost() reason 0
[2018.10.10-15.14.44:912][873]LogSlate: FSceneViewport::OnFocusLost() reason 0
[2018.10.10-15.14.59:302][579]LogSlate: FSceneViewport::OnFocusLost() reason 0
[2018.10.10-15.14.59:482][592]LogLinker: Warning: Asset 'C:/Users/Cyrano/Documents/GitHub/Wanderful/Content/StylizedPlains/Textures/T_CinemabarsEditable.uasset' has been saved with empty engine version. The asset will be loaded but may be incompatible.
[2018.10.10-15.15.00:347][592]LogAIModule: Creating AISystem for world DemonstrationMap
[2018.10.10-15.15.00:435][592]LogAssetEditorManager: Opening Asset editor for World /Game/StylizedPlains/Maps/DemonstrationMap.DemonstrationMap
[2018.10.10-15.15.00:457][592]Cmd: MAP LOAD FILE="C:/Users/Cyrano/Documents/GitHub/Wanderful/Content/StylizedPlains/Maps/DemonstrationMap.umap" TEMPLATE=0 SHOWPROGRESS=1 FEATURELEVEL=3
[2018.10.10-15.15.00:457][592]LightingResults: New page: Lighting Build
[2018.10.10-15.15.00:458][592]LoadErrors: New page: Loading map: DemonstrationMap.umap
[2018.10.10-15.15.00:459][592]MapCheck: New page: Map Check
[2018.10.10-15.15.00:459][592]LightingResults: New page: Lighting Build
[2018.10.10-15.15.05:148][592]LogEditorServer: Finished looking for orphan Actors (0.000 secs)
[2018.10.10-15.15.05:182][592]Cmd: MAP CHECKDEP NOCLEARLOG
[2018.10.10-15.15.05:304][592]MapCheck: Map check complete: 0 Error(s), 0 Warning(s), took 121,672ms to complete.
[2018.10.10-15.15.05:308][592]LogFileHelpers: Loading map 'DemonstrationMap' took 4.851
[2018.10.10-15.17.20:074][645]LogSlate: FSceneViewport::OnFocusLost() reason 0
[2018.10.10-15.17.21:647][741]LogActorComponent: UnregisterComponent: (/Engine/Transient.SphereBrushComponent) Not registered. Aborting.
[2018.10.10-15.17.21:695][741]LogTexture: Display: Building textures: Texture2D_2 (G8, 128X128)
[2018.10.10-15.17.31:606][854]LogSlate: FSceneViewport::OnFocusLost() reason 0
[2018.10.10-15.17.43:208][192]Cmd: POLY SELECT MEMORY UNION
[2018.10.10-15.17.53:263][329]Cmd: TRANSACTION UNDO
[2018.10.10-15.17.53:263][329]LogEditorTransaction: Undo Foliage Editing
[2018.10.10-15.18.34:770][217]LogSlate: FSceneViewport::OnFocusLost() reason 0
[2018.10.10-15.18.34:846][226]LogActorComponent: UnregisterComponent: (/Engine/Transient.SphereBrushComponent) Not registered. Aborting.
[2018.10.10-15.18.42:267][634]Cmd: TRANSACTION UNDO
[2018.10.10-15.18.42:267][634]LogEditorTransaction: Undo Landscape Editing: Sculpt
[2018.10.10-15.19.01:250][313]Cmd: TRANSACTION UNDO
[2018.10.10-15.19.01:250][313]LogEditorTransaction: Undo Landscape Editing: Sculpt
[2018.10.10-15.20.57:799][146]Cmd: TRANSACTION UNDO
[2018.10.10-15.20.57:800][146]LogEditorTransaction: Undo Foliage Editing
[2018.10.10-15.21.10:022][408]Cmd: TRANSACTION UNDO
[2018.10.10-15.21.10:022][408]LogEditorTransaction: Undo Landscape Editing: Sculpt
[2018.10.10-15.21.10:186][408]LogActorComponent: ~FComponentReregisterContext: (/Game/StylizedPlains/Maps/DemonstrationMap.DemonstrationMap:PersistentLevel.Landscape_2.LandscapeComponent_632) Component already registered.
[2018.10.10-15.21.10:186][408]LogActorComponent: ~FComponentReregisterContext: (/Game/StylizedPlains/Maps/DemonstrationMap.DemonstrationMap:PersistentLevel.Landscape_2.LandscapeHeightfieldCollisionComponent_1399) Component already registered.
[2018.10.10-15.21.10:187][408]LogActorComponent: ~FComponentReregisterContext: (/Game/StylizedPlains/Maps/DemonstrationMap.DemonstrationMap:PersistentLevel.Landscape_2.LandscapeHeightfieldCollisionComponent_1417) Component already registered.
[2018.10.10-15.21.10:189][408]LogActorComponent: ~FComponentReregisterContext: (/Game/StylizedPlains/Maps/DemonstrationMap.DemonstrationMap:PersistentLevel.Landscape_2.LandscapeComponent_631) Component already registered.
[2018.10.10-15.21.10:189][408]LogActorComponent: ~FComponentReregisterContext: (/Game/StylizedPlains/Maps/DemonstrationMap.DemonstrationMap:PersistentLevel.Landscape_2.LandscapeComponent_633) Component already registered.
[2018.10.10-15.21.10:190][408]LogActorComponent: ~FComponentReregisterContext: (/Game/StylizedPlains/Maps/DemonstrationMap.DemonstrationMap:PersistentLevel.Landscape_2.LandscapeHeightfieldCollisionComponent_1381) Component already registered.
[2018.10.10-15.21.10:191][408]LogActorComponent: ~FComponentReregisterContext: (/Game/StylizedPlains/Maps/DemonstrationMap.DemonstrationMap:PersistentLevel.Landscape_2.LandscapeHeightfieldCollisionComponent_1360) Component already registered.
[2018.10.10-15.21.10:192][408]LogActorComponent: ~FComponentReregisterContext: (/Game/StylizedPlains/Maps/DemonstrationMap.DemonstrationMap:PersistentLevel.Landscape_2.LandscapeHeightfieldCollisionComponent_1361) Component already registered.
[2018.10.10-15.21.10:193][408]LogActorComponent: ~FComponentReregisterContext: (/Game/StylizedPlains/Maps/DemonstrationMap.DemonstrationMap:PersistentLevel.Landscape_2.LandscapeHeightfieldCollisionComponent_1362) Component already registered.
[2018.10.10-15.21.10:196][408]LogActorComponent: ~FComponentReregisterContext: (/Game/StylizedPlains/Maps/DemonstrationMap.DemonstrationMap:PersistentLevel.Landscape_2.LandscapeComponent_688) Component already registered.
[2018.10.10-15.21.10:196][408]LogActorComponent: ~FComponentReregisterContext: (/Game/StylizedPlains/Maps/DemonstrationMap.DemonstrationMap:PersistentLevel.InstancedFoliageActor_0.RootComponent0) Component already registered.
[2018.10.10-15.21.10:196][408]LogActorComponent: ~FComponentReregisterContext: (/Game/StylizedPlains/Maps/DemonstrationMap.DemonstrationMap:PersistentLevel.Landscape_2.LandscapeComponent_666) Component already registered.
[2018.10.10-15.21.10:196][408]LogActorComponent: ~FComponentReregisterContext: (/Game/StylizedPlains/Maps/DemonstrationMap.DemonstrationMap:PersistentLevel.Landscape_2.LandscapeComponent_648) Component already registered.
[2018.10.10-15.21.10:197][408]LogActorComponent: ~FComponentReregisterContext: (/Game/StylizedPlains/Maps/DemonstrationMap.DemonstrationMap:PersistentLevel.Landscape_2.LandscapeComponent_684) Component already registered.
[2018.10.10-15.21.10:197][408]LogActorComponent: ~FComponentReregisterContext: (/Game/StylizedPlains/Maps/DemonstrationMap.DemonstrationMap:PersistentLevel.Landscape_2.LandscapeComponent_670) Component already registered.
[2018.10.10-15.21.10:197][408]LogActorComponent: ~FComponentReregisterContext: (/Game/StylizedPlains/Maps/DemonstrationMap.DemonstrationMap:PersistentLevel.Landscape_2.LandscapeHeightfieldCollisionComponent_1377) Component already registered.
[2018.10.10-15.21.10:199][408]LogActorComponent: ~FComponentReregisterContext: (/Game/StylizedPlains/Maps/DemonstrationMap.DemonstrationMap:PersistentLevel.Landscape_2.LandscapeHeightfieldCollisionComponent_1395) Component already registered.
[2018.10.10-15.21.10:200][408]LogActorComponent: ~FComponentReregisterContext: (/Game/StylizedPlains/Maps/DemonstrationMap.DemonstrationMap:PersistentLevel.Landscape_2.LandscapeHeightfieldCollisionComponent_1413) Component already registered.
[2018.10.10-15.21.10:202][408]LogActorComponent: ~FComponentReregisterContext: (/Game/StylizedPlains/Maps/DemonstrationMap.DemonstrationMap:PersistentLevel.Landscape_2.LandscapeComponent_652) Component already registered.
[2018.10.10-15.22.10:222][549]LogSlate: FSceneViewport::OnFocusLost() reason 0
[2018.10.10-15.22.35:476][446]LogSlate: FSceneViewport::OnFocusLost() reason 0
[2018.10.10-15.23.03:397][575]LogSlate: FSceneViewport::OnFocusLost() reason 0
[2018.10.10-15.23.14:313][799]LogSlate: FSceneViewport::OnFocusLost() reason 0
[2018.10.10-15.23.16:287][985]LogActorFactory: Actor Factory created SM_StylizedRock6
[2018.10.10-15.23.18:430][184]LogSlate: FSceneViewport::OnFocusLost() reason 2
[2018.10.10-15.23.19:662][311]LogSlate: FSceneViewport::OnFocusLost() reason 0
[2018.10.10-15.23.22:333][620]Cmd: TRANSACTION UNDO
[2018.10.10-15.23.22:333][620]LogEditorTransaction: Undo Foliage Editing
[2018.10.10-15.23.23:664][749]LogSlate: FSceneViewport::OnFocusLost() reason 0
[2018.10.10-15.23.27:972][224]Cmd: TRANSACTION UNDO
[2018.10.10-15.23.27:972][224]LogEditorTransaction: Undo Foliage Editing
[2018.10.10-15.23.44:793][141]Cmd: TRANSACTION UNDO
[2018.10.10-15.23.44:793][141]LogEditorTransaction: Undo Foliage Editing
[2018.10.10-15.23.48:143][512]Cmd: TRANSACTION UNDO
[2018.10.10-15.23.48:143][512]LogEditorTransaction: Undo Foliage Editing
[2018.10.10-15.23.51:082][842]Cmd: TRANSACTION UNDO
[2018.10.10-15.23.51:082][842]LogEditorTransaction: Undo Foliage Editing
[2018.10.10-15.24.17:076][887]Cmd: TRANSACTION UNDO
[2018.10.10-15.24.17:076][887]LogEditorTransaction: Undo Foliage Editing
[2018.10.10-15.24.17:472][920]Cmd: TRANSACTION UNDO
[2018.10.10-15.24.17:472][920]LogEditorTransaction: Undo Foliage Editing
[2018.10.10-15.24.37:351][209]Cmd: TRANSACTION UNDO
[2018.10.10-15.24.37:351][209]LogEditorTransaction: Undo Foliage Editing
[2018.10.10-15.24.39:206][409]Cmd: TRANSACTION UNDO
[2018.10.10-15.24.39:206][409]LogEditorTransaction: Undo Foliage Editing
[2018.10.10-15.24.43:617][900]Cmd: TRANSACTION UNDO
[2018.10.10-15.24.43:617][900]LogEditorTransaction: Undo Foliage Editing
[2018.10.10-15.25.02:584][ 74]Cmd: TRANSACTION UNDO
[2018.10.10-15.25.02:584][ 74]LogEditorTransaction: Undo Foliage Editing
[2018.10.10-15.25.04:808][306]Cmd: TRANSACTION UNDO
[2018.10.10-15.25.04:808][306]LogEditorTransaction: Undo Foliage Editing
[2018.10.10-15.25.05:487][382]Cmd: TRANSACTION UNDO
[2018.10.10-15.25.05:487][382]LogEditorTransaction: Undo Foliage Editing
[2018.10.10-15.25.08:727][755]LogSlate: FSceneViewport::OnFocusLost() reason 0
[2018.10.10-15.25.25:541][584]LogActorFactory: Actor Factory created SM_StylizedRock7
[2018.10.10-15.25.26:026][640]LogSlate: FSceneViewport::OnFocusLost() reason 2
[2018.10.10-15.25.26:975][729]LogSlate: FSceneViewport::OnFocusLost() reason 0
[2018.10.10-15.25.30:822][156]Cmd: TRANSACTION UNDO
[2018.10.10-15.25.30:822][156]LogEditorTransaction: Undo Foliage Editing
[2018.10.10-15.25.32:504][340]Cmd: TRANSACTION UNDO
[2018.10.10-15.25.32:504][340]LogEditorTransaction: Undo Foliage Editing
[2018.10.10-15.25.38:304][  8]Cmd: TRANSACTION UNDO
[2018.10.10-15.25.38:304][  8]LogEditorTransaction: Undo Foliage Editing
[2018.10.10-15.25.47:619][ 43]LogSlate: FSceneViewport::OnFocusLost() reason 0
[2018.10.10-15.25.50:790][368]LogAssetEditorManager: Opening Asset editor for StaticMesh /Game/StylizedPlains/Meshes/SM_StylizedTree1.SM_StylizedTree1
[2018.10.10-15.25.58:673][895]LogSlate: Window 'SM_StylizedTree1' being destroyed
[2018.10.10-15.25.58:677][895]LogSlate: Window 'SM_StylizedTree1' being destroyed
[2018.10.10-15.26.08:461][ 12]LogSlate: FSceneViewport::OnFocusLost() reason 0
[2018.10.10-15.26.08:592][ 27]LogActorComponent: UnregisterComponent: (/Engine/Transient.SphereBrushComponent) Not registered. Aborting.
[2018.10.10-15.26.12:560][483]LogActorComponent: UnregisterComponent: (/Engine/Transient.SphereBrushComponent) Not registered. Aborting.
[2018.10.10-15.26.15:716][854]LogActorComponent: UnregisterComponent: (/Engine/Transient.SphereBrushComponent) Not registered. Aborting.
[2018.10.10-15.29.02:308][599]LogSlate: FSceneViewport::OnFocusLost() reason 0
[2018.10.10-15.29.03:840][611]LogSlate: Window 'Save Content' being destroyed
[2018.10.10-15.29.03:896][611]LogSlate: Window 'Wanderful - Unreal Editor' being destroyed
[2018.10.10-15.29.04:109][612]Cmd: QUIT_EDITOR
[2018.10.10-15.29.04:813][612]LogWindowsTextInputMethodSystem: Display: IME system now deactivated.
[2018.10.10-15.29.04:867][612]LogExit: Preparing to exit.
[2018.10.10-15.29.05:157][612]LogExit: Editor shut down
[2018.10.10-15.29.05:157][612]LogExit: Transaction tracking system shut down
[2018.10.10-15.29.05:854][612]LogExit: Object subsystem successfully closed.
[2018.10.10-15.29.05:879][612]LogShaderCompilers: Display: Shaders left to compile 0
[2018.10.10-15.29.05:883][612]LogD3D11RHI: Shutdown
[2018.10.10-15.29.05:883][612]LogD3D11RHI: CleanupD3DDevice
[2018.10.10-15.29.05:886][612]LogD3D11RHI: ~FD3D11DynamicRHI
[2018.10.10-15.29.05:902][612]LogModuleManager: Shutting down and abandoning module StaticMeshEditor (618)
[2018.10.10-15.29.05:902][612]LogModuleManager: Shutting down and abandoning module MovieSceneCapture (616)
[2018.10.10-15.29.05:902][612]LogModuleManager: Shutting down and abandoning module Voice (614)
[2018.10.10-15.29.05:913][612]LogModuleManager: Shutting down and abandoning module HierarchicalLODOutliner (612)
[2018.10.10-15.29.05:913][612]LogModuleManager: Shutting down and abandoning module SceneOutliner (610)
[2018.10.10-15.29.05:913][612]LogModuleManager: Shutting down and abandoning module AddContentDialog (608)
[2018.10.10-15.29.05:913][612]LogModuleManager: Shutting down and abandoning module WidgetCarousel (607)
[2018.10.10-15.29.05:913][612]LogModuleManager: Shutting down and abandoning module EditorWidgets (604)
[2018.10.10-15.29.05:913][612]LogModuleManager: Shutting down and abandoning module CollectionManager (602)
[2018.10.10-15.29.05:913][612]LogModuleManager: Shutting down and abandoning module StatsViewer (600)
[2018.10.10-15.29.05:913][612]LogModuleManager: Shutting down and abandoning module FoliageEdit (598)
[2018.10.10-15.29.05:913][612]LogModuleManager: Shutting down and abandoning module LandscapeEditor (596)
[2018.10.10-15.29.05:913][612]LogModuleManager: Shutting down and abandoning module MeshPaintMode (594)
[2018.10.10-15.29.05:913][612]LogModuleManager: Shutting down and abandoning module SceneDepthPickerMode (592)
[2018.10.10-15.29.05:914][612]LogModuleManager: Shutting down and abandoning module ActorPickerMode (590)
[2018.10.10-15.29.05:914][612]LogModuleManager: Shutting down and abandoning module GeometryMode (588)
[2018.10.10-15.29.05:914][612]LogModuleManager: Shutting down and abandoning module TextureAlignMode (586)
[2018.10.10-15.29.05:914][612]LogModuleManager: Shutting down and abandoning module BspMode (584)
[2018.10.10-15.29.05:914][612]LogModuleManager: Shutting down and abandoning module PIEPreviewDeviceProfileSelector (582)
[2018.10.10-15.29.05:914][612]LogModuleManager: Shutting down and abandoning module SequenceRecorderSections (580)
[2018.10.10-15.29.05:914][612]LogModuleManager: Shutting down and abandoning module AutomationWorker (578)
[2018.10.10-15.29.05:914][612]LogModuleManager: Shutting down and abandoning module AudioCaptureEditor (576)
[2018.10.10-15.29.05:914][612]LogModuleManager: Shutting down and abandoning module SequenceRecorder (575)
[2018.10.10-15.29.05:914][612]LogModuleManager: Shutting down and abandoning module MatineeToLevelSequence (572)
[2018.10.10-15.29.05:914][612]LogModuleManager: Shutting down and abandoning module LevelSequenceEditor (570)
[2018.10.10-15.29.05:914][612]LogModuleManager: Shutting down and abandoning module PlacementMode (569)
[2018.10.10-15.29.05:914][612]LogModuleManager: Shutting down and abandoning module MaterialEditor (568)
[2018.10.10-15.29.05:914][612]LogModuleManager: Shutting down and abandoning module WmfMediaFactory (564)
[2018.10.10-15.29.05:914][612]LogModuleManager: Shutting down and abandoning module WmfMediaEditor (562)
[2018.10.10-15.29.05:914][612]LogModuleManager: Shutting down and abandoning module MediaPlayerEditor (560)
[2018.10.10-15.29.05:914][612]LogModuleManager: Shutting down and abandoning module OpenExrWrapper (558)
[2018.10.10-15.29.05:914][612]LogModuleManager: Shutting down and abandoning module ImgMediaFactory (556)
[2018.10.10-15.29.05:914][612]LogModuleManager: Shutting down and abandoning module ImgMediaEditor (554)
[2018.10.10-15.29.05:914][612]LogModuleManager: Shutting down and abandoning module AvfMediaFactory (552)
[2018.10.10-15.29.05:914][612]LogModuleManager: Shutting down and abandoning module AvfMediaEditor (550)
[2018.10.10-15.29.05:914][612]LogModuleManager: Shutting down and abandoning module AndroidMediaFactory (548)
[2018.10.10-15.29.05:914][612]LogModuleManager: Shutting down and abandoning module AndroidMediaEditor (546)
[2018.10.10-15.29.05:914][612]LogModuleManager: Shutting down and abandoning module MagicLeapCameraPreviewFactory (544)
[2018.10.10-15.29.05:914][612]LogModuleManager: Shutting down and abandoning module MagicLeapMediaFactory (542)
[2018.10.10-15.29.05:914][612]LogModuleManager: Shutting down and abandoning module MagicLeapMediaEditor (540)
[2018.10.10-15.29.05:914][612]LogModuleManager: Shutting down and abandoning module CharacterAI (538)
[2018.10.10-15.29.05:914][612]LogModuleManager: Shutting down and abandoning module SmartSnapping (536)
[2018.10.10-15.29.05:914][612]LogModuleManager: Shutting down and abandoning module SessionServices (534)
[2018.10.10-15.29.05:914][612]LogModuleManager: Shutting down and abandoning module ViewportSnapping (532)
[2018.10.10-15.29.05:914][612]LogModuleManager: Shutting down and abandoning module ViewportInteraction (530)
[2018.10.10-15.29.05:914][612]LogModuleManager: Shutting down and abandoning module ClothPainter (528)
[2018.10.10-15.29.05:914][612]LogModuleManager: Shutting down and abandoning module SkeletalMeshEditor (527)
[2018.10.10-15.29.05:914][612]LogModuleManager: Shutting down and abandoning module LogVisualizer (524)
[2018.10.10-15.29.05:914][612]LogModuleManager: Shutting down and abandoning module IntroTutorials (522)
[2018.10.10-15.29.05:914][612]LogModuleManager: Shutting down and abandoning module GameProjectGeneration (521)
[2018.10.10-15.29.05:915][612]LogModuleManager: Shutting down and abandoning module LuminPlatformEditor (518)
[2018.10.10-15.29.05:915][612]LogModuleManager: Shutting down and abandoning module IOSPlatformEditor (516)
[2018.10.10-15.29.05:915][612]LogModuleManager: Shutting down and abandoning module HTML5PlatformEditor (514)
[2018.10.10-15.29.05:915][612]LogModuleManager: Shutting down and abandoning module AndroidPlatformEditor (512)
[2018.10.10-15.29.05:915][612]LogModuleManager: Shutting down and abandoning module AndroidDeviceDetection (511)
[2018.10.10-15.29.05:957][612]LogModuleManager: Shutting down and abandoning module WindowsPlatformEditor (508)
[2018.10.10-15.29.05:957][612]LogModuleManager: Shutting down and abandoning module LuminRuntimeSettings (506)
[2018.10.10-15.29.05:957][612]LogModuleManager: Shutting down and abandoning module IOSRuntimeSettings (504)
[2018.10.10-15.29.05:957][612]LogModuleManager: Shutting down and abandoning module AndroidRuntimeSettings (502)
[2018.10.10-15.29.05:957][612]LogModuleManager: Shutting down and abandoning module InputBindingEditor (500)
[2018.10.10-15.29.05:957][612]LogModuleManager: Shutting down and abandoning module MergeActors (498)
[2018.10.10-15.29.05:957][612]LogModuleManager: Shutting down and abandoning module LocalizationDashboard (496)
[2018.10.10-15.29.05:957][612]LogModuleManager: Shutting down and abandoning module LocalizationService (495)
[2018.10.10-15.29.05:957][612]LogModuleManager: Shutting down and abandoning module HardwareTargeting (492)
[2018.10.10-15.29.05:957][612]LogModuleManager: Shutting down and abandoning module DeviceProfileEditor (490)
[2018.10.10-15.29.05:957][612]LogModuleManager: Shutting down and abandoning module UndoHistory (488)
[2018.10.10-15.29.05:957][612]LogModuleManager: Shutting down and abandoning module XmlParser (486)
[2018.10.10-15.29.05:957][612]LogModuleManager: Shutting down and abandoning module Blutility (484)
[2018.10.10-15.29.05:957][612]LogModuleManager: Shutting down and abandoning module ProjectSettingsViewer (482)
[2018.10.10-15.29.05:957][612]LogModuleManager: Shutting down and abandoning module ProjectTargetPlatformEditor (481)
[2018.10.10-15.29.05:957][612]LogModuleManager: Shutting down and abandoning module EditorSettingsViewer (478)
[2018.10.10-15.29.05:957][612]LogModuleManager: Shutting down and abandoning module SettingsEditor (476)
[2018.10.10-15.29.05:958][612]LogModuleManager: Shutting down and abandoning module ProjectLauncher (474)
[2018.10.10-15.29.05:958][612]LogModuleManager: Shutting down and abandoning module SessionFrontend (472)
[2018.10.10-15.29.05:958][612]LogModuleManager: Shutting down and abandoning module ProfilerClient (470)
[2018.10.10-15.29.05:958][612]LogModuleManager: Shutting down and abandoning module DeviceManager (468)
[2018.10.10-15.29.05:958][612]LogModuleManager: Shutting down and abandoning module TargetDeviceServices (467)
[2018.10.10-15.29.06:010][612]LogModuleManager: Shutting down and abandoning module AutomationController (464)
[2018.10.10-15.29.06:010][612]LogModuleManager: Shutting down and abandoning module AutomationWindow (462)
[2018.10.10-15.29.06:010][612]LogModuleManager: Shutting down and abandoning module Layers (460)
[2018.10.10-15.29.06:010][612]LogModuleManager: Shutting down and abandoning module ComponentVisualizers (458)
[2018.10.10-15.29.06:010][612]LogModuleManager: Shutting down and abandoning module DetailCustomizations (456)
[2018.10.10-15.29.06:011][612]LogModuleManager: Shutting down and abandoning module PackagesDialog (454)
[2018.10.10-15.29.06:011][612]LogModuleManager: Shutting down and abandoning module Persona (452)
[2018.10.10-15.29.06:011][612]LogModuleManager: Shutting down and abandoning module AdvancedPreviewScene (451)
[2018.10.10-15.29.06:011][612]LogModuleManager: Shutting down and abandoning module AnimGraph (449)
[2018.10.10-15.29.06:011][612]LogModuleManager: Shutting down and abandoning module Kismet (446)
[2018.10.10-15.29.06:011][612]LogModuleManager: Shutting down and abandoning module GraphEditor (444)
[2018.10.10-15.29.06:012][612]LogModuleManager: Shutting down and abandoning module ClassViewer (442)
[2018.10.10-15.29.06:012][612]LogModuleManager: Shutting down and abandoning module Toolbox (440)
[2018.10.10-15.29.06:012][612]LogModuleManager: Shutting down and abandoning module DesktopPlatform (439)
[2018.10.10-15.29.06:012][612]LogModuleManager: Shutting down and abandoning module ModuleUI (436)
[2018.10.10-15.29.06:012][612]LogModuleManager: Shutting down and abandoning module MovieSceneTools (434)
[2018.10.10-15.29.06:012][612]LogModuleManager: Shutting down and abandoning module OutputLog (432)
[2018.10.10-15.29.06:012][612]LogModuleManager: Shutting down and abandoning module GammaUI (430)
[2018.10.10-15.29.06:012][612]LogModuleManager: Shutting down and abandoning module Documentation (428)
[2018.10.10-15.29.06:012][612]LogModuleManager: Shutting down and abandoning module MovieSceneTracks (426)
[2018.10.10-15.29.06:012][612]LogModuleManager: Shutting down and abandoning module MovieScene (424)
[2018.10.10-15.29.06:012][612]LogModuleManager: Shutting down and abandoning module StreamingPauseRendering (422)
[2018.10.10-15.29.06:012][612]LogModuleManager: Shutting down and abandoning module LauncherPlatform (420)
[2018.10.10-15.29.06:012][612]LogModuleManager: Shutting down and abandoning module AnalyticsET (418)
[2018.10.10-15.29.06:012][612]LogModuleManager: Shutting down and abandoning module PortalServices (416)
[2018.10.10-15.29.06:012][612]LogModuleManager: Shutting down and abandoning module PortalRpc (414)
[2018.10.10-15.29.06:012][612]LogModuleManager: Shutting down and abandoning module MessagingRpc (412)
[2018.10.10-15.29.06:012][612]LogModuleManager: Shutting down and abandoning module AIModule (410)
[2018.10.10-15.29.06:013][612]LogModuleManager: Shutting down and abandoning module GameplayDebugger (409)
[2018.10.10-15.29.06:013][612]LogModuleManager: Shutting down and abandoning module AITestSuite (407)
[2018.10.10-15.29.06:013][612]LogModuleManager: Shutting down and abandoning module NavigationSystem (405)
[2018.10.10-15.29.06:013][612]LogModuleManager: Shutting down and abandoning module ProfilerService (402)
[2018.10.10-15.29.06:190][612]LogModuleManager: Shutting down and abandoning module TaskGraph (400)
[2018.10.10-15.29.06:190][612]LogModuleManager: Shutting down and abandoning module SteamVRController (398)
[2018.10.10-15.29.06:190][612]LogModuleManager: Shutting down and abandoning module ProceduralMeshComponentEditor (396)
[2018.10.10-15.29.06:190][612]LogModuleManager: Shutting down and abandoning module ProceduralMeshComponent (394)
[2018.10.10-15.29.06:190][612]LogModuleManager: Shutting down and abandoning module OculusInput (392)
[2018.10.10-15.29.06:190][612]LogModuleManager: Shutting down and abandoning module MobilePatchingUtils (390)
[2018.10.10-15.29.06:190][612]LogModuleManager: Shutting down and abandoning module EditableMesh (388)
[2018.10.10-15.29.06:190][612]LogModuleManager: Shutting down and abandoning module CustomMeshComponent (386)
[2018.10.10-15.29.06:190][612]LogModuleManager: Shutting down and abandoning module CableComponent (384)
[2018.10.10-15.29.06:190][612]LogModuleManager: Shutting down and abandoning module AudioCapture (382)
[2018.10.10-15.29.06:190][612]LogModuleManager: Shutting down and abandoning module ArchVisCharacter (380)
[2018.10.10-15.29.06:190][612]LogModuleManager: Shutting down and abandoning module AndroidPermission (378)
[2018.10.10-15.29.06:190][612]LogModuleManager: Shutting down and abandoning module NUTUnrealEngine4 (376)
[2018.10.10-15.29.06:190][612]LogModuleManager: Shutting down and abandoning module NetcodeUnitTest (374)
[2018.10.10-15.29.06:190][612]LogModuleManager: Shutting down and abandoning module MediaCompositingEditor (372)
[2018.10.10-15.29.06:190][612]LogModuleManager: Shutting down and abandoning module MediaCompositing (370)
[2018.10.10-15.29.06:190][612]LogModuleManager: Shutting down and abandoning module LinearTimecode (368)
[2018.10.10-15.29.06:190][612]LogModuleManager: Shutting down and abandoning module ImgMedia (366)
[2018.10.10-15.29.06:193][612]LogModuleManager: Shutting down and abandoning module HTML5Networking (364)
[2018.10.10-15.29.06:193][612]LogModuleManager: Shutting down and abandoning module GeometryCacheTracks (362)
[2018.10.10-15.29.06:193][612]LogModuleManager: Shutting down and abandoning module GeometryCacheSequencer (360)
[2018.10.10-15.29.06:193][612]LogModuleManager: Shutting down and abandoning module BackChannel (358)
[2018.10.10-15.29.06:193][612]LogModuleManager: Shutting down and abandoning module AppleVision (356)
[2018.10.10-15.29.06:193][612]LogModuleManager: Shutting down and abandoning module AppleImageUtils (354)
[2018.10.10-15.29.06:193][612]LogModuleManager: Shutting down and abandoning module AlembicImporter (352)
[2018.10.10-15.29.06:193][612]LogModuleManager: Shutting down and abandoning module AlembicLibrary (351)
[2018.10.10-15.29.06:193][612]LogModuleManager: Shutting down and abandoning module GeometryCache (350)
[2018.10.10-15.29.06:193][612]LogModuleManager: Shutting down and abandoning module GeometryCacheEd (349)
[2018.10.10-15.29.06:193][612]LogModuleManager: Shutting down and abandoning module DatasmithContentEditor (344)
[2018.10.10-15.29.06:193][612]LogModuleManager: Shutting down and abandoning module DatasmithContent (342)
[2018.10.10-15.29.06:194][612]LogModuleManager: Shutting down and abandoning module SpeedTreeImporter (340)
[2018.10.10-15.29.06:194][612]LogModuleManager: Shutting down and abandoning module PluginBrowser (338)
[2018.10.10-15.29.06:194][612]LogModuleManager: Shutting down and abandoning module MobileLauncherProfileWizard (336)
[2018.10.10-15.29.06:194][612]LogModuleManager: Shutting down and abandoning module PolygonModeling (334)
[2018.10.10-15.29.06:194][612]LogModuleManager: Shutting down and abandoning module MeshEditor (332)
[2018.10.10-15.29.06:194][612]LogModuleManager: Shutting down and abandoning module CryptoKeysOpenSSL (330)
[2018.10.10-15.29.06:194][612]LogModuleManager: Shutting down and abandoning module CryptoKeys (328)
[2018.10.10-15.29.06:194][612]LogModuleManager: Shutting down and abandoning module VisualStudioSourceCodeAccess (326)
[2018.10.10-15.29.06:194][612]LogModuleManager: Shutting down and abandoning module VisualStudioCodeSourceCodeAccess (324)
[2018.10.10-15.29.06:194][612]LogModuleManager: Shutting down and abandoning module UObjectPlugin (322)
[2018.10.10-15.29.06:194][612]LogModuleManager: Shutting down and abandoning module SubversionSourceControl (320)
[2018.10.10-15.29.06:194][612]LogModuleManager: Shutting down and abandoning module PerforceSourceControl (318)
[2018.10.10-15.29.06:194][612]LogModuleManager: Shutting down and abandoning module GitSourceControl (316)
[2018.10.10-15.29.06:194][612]LogModuleManager: Shutting down and abandoning module SourceControl (315)
[2018.10.10-15.29.06:194][612]LogModuleManager: Shutting down and abandoning module CLionSourceCodeAccess (312)
[2018.10.10-15.29.06:194][612]LogModuleManager: Shutting down and abandoning module LightPropagationVolumeEditor (310)
[2018.10.10-15.29.06:194][612]LogModuleManager: Shutting down and abandoning module PaperTiledImporter (308)
[2018.10.10-15.29.06:194][612]LogModuleManager: Shutting down and abandoning module PaperSpriteSheetImporter (306)
[2018.10.10-15.29.06:194][612]LogModuleManager: Shutting down and abandoning module Paper2DEditor (304)
[2018.10.10-15.29.06:194][612]LogModuleManager: Shutting down and abandoning module MeshPaint (303)
[2018.10.10-15.29.06:194][612]LogModuleManager: Shutting down and abandoning module Wanderful (300)
[2018.10.10-15.29.06:194][612]LogModuleManager: Shutting down and abandoning module RuntimePhysXCooking (298)
[2018.10.10-15.29.06:194][612]LogModuleManager: Shutting down and abandoning module PhysXVehiclesEditor (296)
[2018.10.10-15.29.06:194][612]LogModuleManager: Shutting down and abandoning module PhysXVehicles (294)
[2018.10.10-15.29.06:194][612]LogModuleManager: Shutting down and abandoning module OculusEditor (292)
[2018.10.10-15.29.06:194][612]LogModuleManager: Shutting down and abandoning module LocationServicesBPLibrary (290)
[2018.10.10-15.29.06:194][612]LogModuleManager: Shutting down and abandoning module ImmediatePhysicsEditor (288)
[2018.10.10-15.29.06:194][612]LogModuleManager: Shutting down and abandoning module ImmediatePhysics (286)
[2018.10.10-15.29.06:194][612]LogModuleManager: Shutting down and abandoning module ActorSequence (284)
[2018.10.10-15.29.06:194][612]LogModuleManager: Shutting down and abandoning module UdpMessaging (282)
[2018.10.10-15.29.06:295][612]LogModuleManager: Shutting down and abandoning module TcpMessaging (280)
[2018.10.10-15.29.06:395][612]LogModuleManager: Shutting down and abandoning module MagicLeapAudio (278)
[2018.10.10-15.29.06:395][612]LogModuleManager: Shutting down and abandoning module GameplayTagsEditor (276)
[2018.10.10-15.29.06:395][612]LogModuleManager: Shutting down and abandoning module FacialAnimationEditor (274)
[2018.10.10-15.29.06:395][612]LogModuleManager: Shutting down and abandoning module FacialAnimation (272)
[2018.10.10-15.29.06:395][612]LogModuleManager: Shutting down and abandoning module DataValidation (270)
[2018.10.10-15.29.06:395][612]LogModuleManager: Shutting down and abandoning module AssetManagerEditor (268)
[2018.10.10-15.29.06:396][612]LogModuleManager: Shutting down and abandoning module LevelEditor (267)
[2018.10.10-15.29.06:397][612]LogModuleManager: Shutting down and abandoning module PixelInspectorModule (266)
[2018.10.10-15.29.06:397][612]LogModuleManager: Shutting down and abandoning module CommonMenuExtensions (264)
[2018.10.10-15.29.06:398][612]LogModuleManager: Shutting down and abandoning module MainFrame (262)
[2018.10.10-15.29.06:398][612]LogModuleManager: Shutting down and abandoning module HotReload (261)
[2018.10.10-15.29.06:400][612]LogModuleManager: Shutting down and abandoning module ContentBrowser (257)
[2018.10.10-15.29.06:402][612]LogModuleManager: Shutting down and abandoning module TreeMap (255)
[2018.10.10-15.29.06:402][612]LogModuleManager: Shutting down and abandoning module LightPropagationVolumeRuntime (252)
[2018.10.10-15.29.06:402][612]LogModuleManager: Shutting down and abandoning module AISupportModule (250)
[2018.10.10-15.29.06:403][612]LogModuleManager: Shutting down and abandoning module Paper2D (248)
[2018.10.10-15.29.06:403][612]LogModuleManager: Shutting down and abandoning module WindowsMoviePlayer (246)
[2018.10.10-15.29.06:403][612]LogModuleManager: Shutting down and abandoning module WmfMedia (244)
[2018.10.10-15.29.06:405][612]LogModuleManager: Shutting down and abandoning module Media (243)
[2018.10.10-15.29.06:412][612]LogModuleManager: Shutting down and abandoning module PacketHandler (240)
[2018.10.10-15.29.06:412][612]LogModuleManager: Shutting down and abandoning module ClothingSystemEditor (238)
[2018.10.10-15.29.06:412][612]LogModuleManager: Shutting down and abandoning module ClothingSystemRuntime (236)
[2018.10.10-15.29.06:412][612]LogModuleManager: Shutting down and abandoning module MediaAssets (234)
[2018.10.10-15.29.06:412][612]LogModuleManager: Shutting down and abandoning module Overlay (232)
[2018.10.10-15.29.06:413][612]LogModuleManager: Shutting down and abandoning module OverlayEditor (231)
[2018.10.10-15.29.06:413][612]LogModuleManager: Shutting down and abandoning module VREditor (228)
[2018.10.10-15.29.06:413][612]LogModuleManager: Shutting down and abandoning module StringTableEditor (226)
[2018.10.10-15.29.06:413][612]LogModuleManager: Shutting down and abandoning module GameplayTasksEditor (224)
[2018.10.10-15.29.06:413][612]LogModuleManager: Shutting down and abandoning module BehaviorTreeEditor (222)
[2018.10.10-15.29.06:413][612]LogModuleManager: Shutting down and abandoning module FunctionalTesting (220)
[2018.10.10-15.29.06:413][612]LogModuleManager: Shutting down and abandoning module CollisionAnalyzer (218)
[2018.10.10-15.29.06:413][612]LogModuleManager: Shutting down and abandoning module WorkspaceMenuStructure (217)
[2018.10.10-15.29.06:413][612]LogModuleManager: Shutting down and abandoning module UMG (214)
[2018.10.10-15.29.06:413][612]LogModuleManager: Shutting down and abandoning module UMGEditor (213)
[2018.10.10-15.29.06:413][612]LogModuleManager: Shutting down and abandoning module Sequencer (212)
[2018.10.10-15.29.06:413][612]LogModuleManager: Shutting down and abandoning module MessageLog (209)
[2018.10.10-15.29.06:414][612]LogModuleManager: Shutting down and abandoning module SlateReflector (204)
[2018.10.10-15.29.06:414][612]LogModuleManager: Shutting down and abandoning module Slate (202)
[2018.10.10-15.29.06:414][612]LogModuleManager: Shutting down and abandoning module EditorStyle (200)
[2018.10.10-15.29.06:417][612]LogModuleManager: Shutting down and abandoning module MRMesh (198)
[2018.10.10-15.29.06:418][612]LogModuleManager: Shutting down and abandoning module SourceCodeAccess (196)
[2018.10.10-15.29.06:418][612]LogModuleManager: Shutting down and abandoning module HeadMountedDisplay (194)
[2018.10.10-15.29.06:418][612]LogModuleManager: Shutting down and abandoning module XAudio2 (192)
[2018.10.10-15.29.06:418][612]LogModuleManager: Shutting down and abandoning module Networking (190)
[2018.10.10-15.29.06:418][612]LogModuleManager: Shutting down and abandoning module Core (188)
[2018.10.10-15.29.06:418][612]LogModuleManager: Shutting down and abandoning module LevelSequence (186)
[2018.10.10-15.29.06:418][612]LogModuleManager: Shutting down and abandoning module KismetCompiler (184)
[2018.10.10-15.29.06:418][612]LogModuleManager: Shutting down and abandoning module MeshUtilities (182)
[2018.10.10-15.29.06:418][612]LogModuleManager: Shutting down and abandoning module MeshMergeUtilities (181)
[2018.10.10-15.29.06:418][612]LogModuleManager: Shutting down and abandoning module MeshReductionInterface (180)
[2018.10.10-15.29.06:418][612]LogModuleManager: Shutting down and abandoning module SimplygonSwarm (179)
[2018.10.10-15.29.06:418][612]LogModuleManager: Shutting down and abandoning module ProxyLODMeshReduction (177)
[2018.10.10-15.29.06:418][612]LogModuleManager: Shutting down and abandoning module SimplygonMeshReduction (175)
[2018.10.10-15.29.06:418][612]LogModuleManager: Shutting down and abandoning module QuadricMeshReduction (173)
[2018.10.10-15.29.06:418][612]LogModuleManager: Shutting down and abandoning module MaterialBaking (169)
[2018.10.10-15.29.06:418][612]LogModuleManager: Shutting down and abandoning module DirectoryWatcher (165)
[2018.10.10-15.29.06:419][612]LogModuleManager: Shutting down and abandoning module DerivedDataCache (162)
[2018.10.10-15.29.06:437][612]LogDerivedDataCache: Shutdown
[2018.10.10-15.29.06:437][612]LogModuleManager: Shutting down and abandoning module XGEController (160)
[2018.10.10-15.29.06:437][612]LogXGEController: Cleaning working directory: C:/Users/Cyrano/AppData/Local/Temp/UnrealXGEWorkingDir/
[2018.10.10-15.29.06:437][612]LogModuleManager: Shutting down and abandoning module TargetPlatform (158)
[2018.10.10-15.29.06:437][612]LogModuleManager: Shutting down and abandoning module VulkanShaderFormat (157)
[2018.10.10-15.29.06:437][612]LogModuleManager: Shutting down and abandoning module ShaderFormatVectorVM (155)
[2018.10.10-15.29.06:438][612]LogModuleManager: Shutting down and abandoning module ShaderFormatOpenGL (153)
[2018.10.10-15.29.06:438][612]LogModuleManager: Shutting down and abandoning module ShaderFormatD3D (151)
[2018.10.10-15.29.06:438][612]LogModuleManager: Shutting down and abandoning module MetalShaderFormat (149)
[2018.10.10-15.29.06:438][612]LogModuleManager: Shutting down and abandoning module TextureFormatUncompressed (147)
[2018.10.10-15.29.06:438][612]LogModuleManager: Shutting down and abandoning module TextureFormatPVR (145)
[2018.10.10-15.29.06:438][612]LogModuleManager: Shutting down and abandoning module TextureFormatDXT (143)
[2018.10.10-15.29.06:438][612]LogModuleManager: Shutting down and abandoning module TextureFormatIntelISPCTexComp (141)
[2018.10.10-15.29.06:438][612]LogModuleManager: Shutting down and abandoning module TextureFormatASTC (139)
[2018.10.10-15.29.06:439][612]LogModuleManager: Shutting down and abandoning module ImageWrapper (138)
[2018.10.10-15.29.06:439][612]LogModuleManager: Shutting down and abandoning module TextureFormatAndroid (135)
[2018.10.10-15.29.06:439][612]LogModuleManager: Shutting down and abandoning module AudioFormatOpus (133)
[2018.10.10-15.29.06:439][612]LogModuleManager: Shutting down and abandoning module AudioFormatOgg (131)
[2018.10.10-15.29.06:439][612]LogModuleManager: Shutting down and abandoning module AudioFormatADPCM (129)
[2018.10.10-15.29.06:439][612]LogModuleManager: Shutting down and abandoning module LuminTargetPlatform (127)
[2018.10.10-15.29.06:439][612]LogModuleManager: Shutting down and abandoning module LinuxTargetPlatform (125)
[2018.10.10-15.29.06:439][612]LogModuleManager: Shutting down and abandoning module LinuxServerTargetPlatform (123)
[2018.10.10-15.29.06:439][612]LogModuleManager: Shutting down and abandoning module LinuxNoEditorTargetPlatform (121)
[2018.10.10-15.29.06:439][612]LogModuleManager: Shutting down and abandoning module LinuxClientTargetPlatform (119)
[2018.10.10-15.29.06:439][612]LogModuleManager: Shutting down and abandoning module TVOSTargetPlatform (117)
[2018.10.10-15.29.06:441][612]LogModuleManager: Shutting down and abandoning module Messaging (115)
[2018.10.10-15.29.06:441][612]LogModuleManager: Shutting down and abandoning module IOSTargetPlatform (113)
[2018.10.10-15.29.06:442][612]LogModuleManager: Shutting down and abandoning module HTML5TargetPlatform (111)
[2018.10.10-15.29.06:442][612]LogModuleManager: Shutting down and abandoning module AndroidTargetPlatform (109)
[2018.10.10-15.29.06:456][612]LogModuleManager: Shutting down and abandoning module WindowsTargetPlatform (107)
[2018.10.10-15.29.06:456][612]LogModuleManager: Shutting down and abandoning module WindowsServerTargetPlatform (105)
[2018.10.10-15.29.06:457][612]LogModuleManager: Shutting down and abandoning module WindowsNoEditorTargetPlatform (103)
[2018.10.10-15.29.06:457][612]LogModuleManager: Shutting down and abandoning module WindowsClientTargetPlatform (101)
[2018.10.10-15.29.06:457][612]LogModuleManager: Shutting down and abandoning module MacTargetPlatform (99)
[2018.10.10-15.29.06:457][612]LogModuleManager: Shutting down and abandoning module MacServerTargetPlatform (97)
[2018.10.10-15.29.06:457][612]LogModuleManager: Shutting down and abandoning module MacNoEditorTargetPlatform (95)
[2018.10.10-15.29.06:457][612]LogModuleManager: Shutting down and abandoning module MacClientTargetPlatform (93)
[2018.10.10-15.29.06:457][612]LogModuleManager: Shutting down and abandoning module AllDesktopTargetPlatform (91)
[2018.10.10-15.29.06:457][612]LogModuleManager: Shutting down and abandoning module InputCore (88)
[2018.10.10-15.29.06:457][612]LogModuleManager: Shutting down and abandoning module Settings (86)
[2018.10.10-15.29.06:457][612]LogModuleManager: Shutting down and abandoning module PhysXCooking (84)
[2018.10.10-15.29.06:457][612]LogModuleManager: Shutting down and abandoning module SteamVR (82)
[2018.10.10-15.29.06:457][612]LogModuleManager: Shutting down and abandoning module OculusHMD (80)
[2018.10.10-15.29.06:457][612]LogModuleManager: Shutting down and abandoning module ExampleDeviceProfileSelector (78)
[2018.10.10-15.29.06:457][612]LogModuleManager: Shutting down and abandoning module LauncherChunkInstaller (76)
[2018.10.10-15.29.06:457][612]LogModuleManager: Shutting down and abandoning module OnlineBlueprintSupport (74)
[2018.10.10-15.29.06:457][612]LogModuleManager: Shutting down and abandoning module OnlineSubsystem (70)
[2018.10.10-15.29.06:458][612]LogModuleManager: Shutting down and abandoning module XMPP (65)
[2018.10.10-15.29.06:458][612]LogModuleManager: Shutting down and abandoning module WebSockets (64)
[2018.10.10-15.29.06:474][612]LogModuleManager: Shutting down and abandoning module HTTP (61)
[2018.10.10-15.29.06:474][612]LogHttp: Display: Http module shutting down, but needs to wait on 1 outstanding Http requests:
[2018.10.10-15.29.06:474][612]LogHttp: Display: 	verb=[POST] url=[https://datarouter.ol.epicgames.com/datarouter/api/v1/public/data?SessionID=%7B5D105C41-4D1C-CBB2-4B43-4EA140E79E7D%7D&AppID=UEEditor.Rocket.Release&AppVersion=4.20.3-4369336%2B%2B%2BUE4%2BRelease-4.20&UserID=1ee01f8a41b329b963fb468fa1bbd12d%7C2af6bb9fcf814f18ba577ab5e1b9a922%7Cf2b342a6-43ea-4f5c-a9cc-9574d8ca4c77&AppEnvironment=datacollector-binary&UploadType=eteventstream] status=Processing
[2018.10.10-15.29.06:503][612]LogModuleManager: Shutting down and abandoning module SSL (60)
[2018.10.10-15.29.06:506][612]LogModuleManager: Shutting down and abandoning module MagicLeapEmulator (56)
[2018.10.10-15.29.06:506][612]LogModuleManager: Shutting down and abandoning module MagicLeapPrivileges (54)
[2018.10.10-15.29.06:506][612]LogModuleManager: Shutting down and abandoning module MagicLeapIdentity (52)
[2018.10.10-15.29.06:506][612]LogModuleManager: Shutting down and abandoning module MagicLeapHelperVulkan (50)
[2018.10.10-15.29.06:506][612]LogModuleManager: Shutting down and abandoning module MagicLeapHelperOpenGL (48)
[2018.10.10-15.29.06:506][612]LogModuleManager: Shutting down and abandoning module MagicLeapSecureStorage (46)
[2018.10.10-15.29.06:506][612]LogModuleManager: Shutting down and abandoning module MagicLeapGestures (44)
[2018.10.10-15.29.06:506][612]LogModuleManager: Shutting down and abandoning module MagicLeapEyeTracker (42)
[2018.10.10-15.29.06:506][612]LogModuleManager: Shutting down and abandoning module MagicLeapController (40)
[2018.10.10-15.29.06:521][612]LogSlate: Slate User Destroyed.  User Index 0, Is Virtual User: 0
[2018.10.10-15.29.06:521][612]LogModuleManager: Shutting down and abandoning module MagicLeap (38)
[2018.10.10-15.29.06:521][612]LogModuleManager: Shutting down and abandoning module AnimationModifiers (36)
[2018.10.10-15.29.06:521][612]LogModuleManager: Shutting down and abandoning module PropertyEditor (35)
[2018.10.10-15.29.06:521][612]LogModuleManager: Shutting down and abandoning module AudioEditor (32)
[2018.10.10-15.29.06:521][612]LogModuleManager: Shutting down and abandoning module TextureCompressor (30)
[2018.10.10-15.29.06:522][612]LogModuleManager: Shutting down and abandoning module ShaderCore (28)
[2018.10.10-15.29.06:522][612]LogModuleManager: Shutting down and abandoning module Landscape (26)
[2018.10.10-15.29.06:522][612]LogModuleManager: Shutting down and abandoning module SlateRHIRenderer (24)
[2018.10.10-15.29.06:523][612]LogModuleManager: Shutting down and abandoning module OpenGLDrv (22)
[2018.10.10-15.29.06:523][612]LogModuleManager: Shutting down and abandoning module D3D11RHI (20)
[2018.10.10-15.29.06:523][612]LogModuleManager: Shutting down and abandoning module AnimGraphRuntime (18)
[2018.10.10-15.29.06:523][612]LogModuleManager: Shutting down and abandoning module Renderer (16)
[2018.10.10-15.29.06:523][612]LogModuleManager: Shutting down and abandoning module Engine (14)
[2018.10.10-15.29.06:523][612]LogModuleManager: Shutting down and abandoning module CoreUObject (12)
[2018.10.10-15.29.06:523][612]LogModuleManager: Shutting down and abandoning module NetworkFile (10)
[2018.10.10-15.29.06:523][612]LogModuleManager: Shutting down and abandoning module CookedIterativeFile (8)
[2018.10.10-15.29.06:523][612]LogModuleManager: Shutting down and abandoning module StreamingFile (6)
[2018.10.10-15.29.06:523][612]LogModuleManager: Shutting down and abandoning module SandboxFile (4)
[2018.10.10-15.29.06:523][612]LogModuleManager: Shutting down and abandoning module PakFile (2)
[2018.10.10-15.29.06:540][612]LogExit: Exiting.
[2018.10.10-15.29.06:575][612]Log file closed, 10/10/18 17:29:06
